2024-04-28 23:40:01,267 - DEBUG - Root endpoint accessed
2024-04-28 23:40:01,268 - INFO - Testing Info
2024-04-28 23:40:01,268 - WARNING - Testing Warning
2024-04-28 23:40:01,268 - ERROR - Testing Error
2024-04-28 23:42:08,966 - DEBUG - Root endpoint accessed
2024-04-28 23:42:08,968 - INFO - Testing Info
2024-04-28 23:42:08,968 - WARNING - Testing Warning
2024-04-28 23:42:08,968 - ERROR - Testing Error
2024-04-28 23:44:12,148 - INFO -     MinTemp   MaxTemp  Rainfall  ...   Temp9am   Temp3pm  RainToday
0  0.516509  0.523629  0.059299  ...  0.508439  0.522073          0

[1 rows x 20 columns]
2024-04-28 23:46:03,841 - INFO - MinTemp
2024-04-28 23:46:03,842 - INFO - MaxTemp
2024-04-28 23:46:03,842 - INFO - Rainfall
2024-04-28 23:46:03,842 - INFO - Evaporation
2024-04-28 23:46:03,842 - INFO - Sunshine
2024-04-28 23:46:03,842 - INFO - WindGustDir
2024-04-28 23:46:03,842 - INFO - WindGustSpeed
2024-04-28 23:46:03,842 - INFO - WindDir9am
2024-04-28 23:46:03,842 - INFO - WindDir3pm
2024-04-28 23:46:03,843 - INFO - WindSpeed9am
2024-04-28 23:46:03,843 - INFO - WindSpeed3pm
2024-04-28 23:46:03,843 - INFO - Humidity9am
2024-04-28 23:46:03,843 - INFO - Humidity3pm
2024-04-28 23:46:03,843 - INFO - Pressure9am
2024-04-28 23:46:03,843 - INFO - Pressure3pm
2024-04-28 23:46:03,843 - INFO - Cloud9am
2024-04-28 23:46:03,843 - INFO - Cloud3pm
2024-04-28 23:46:03,843 - INFO - Temp9am
2024-04-28 23:46:03,844 - INFO - Temp3pm
2024-04-28 23:46:03,844 - INFO - RainToday
2024-04-28 23:46:50,923 - INFO - MinTemp
2024-04-28 23:46:50,924 - INFO - 0    0.516509
Name: MinTemp, dtype: float64
2024-04-28 23:46:50,926 - INFO - MaxTemp
2024-04-28 23:46:50,926 - INFO - 0    0.523629
Name: MaxTemp, dtype: float64
2024-04-28 23:46:50,926 - INFO - Rainfall
2024-04-28 23:46:50,927 - INFO - 0    0.059299
Name: Rainfall, dtype: float64
2024-04-28 23:46:50,927 - INFO - Evaporation
2024-04-28 23:46:50,927 - INFO - 0    0.089655
Name: Evaporation, dtype: float64
2024-04-28 23:46:50,927 - INFO - Sunshine
2024-04-28 23:46:50,927 - INFO - 0    0.965517
Name: Sunshine, dtype: float64
2024-04-28 23:46:50,928 - INFO - WindGustDir
2024-04-28 23:46:50,928 - INFO - 0    1
Name: WindGustDir, dtype: int64
2024-04-28 23:46:50,928 - INFO - WindGustSpeed
2024-04-28 23:46:50,928 - INFO - 0    0.294574
Name: WindGustSpeed, dtype: float64
2024-04-28 23:46:50,928 - INFO - WindDir9am
2024-04-28 23:46:50,928 - INFO - 0    0
Name: WindDir9am, dtype: int64
2024-04-28 23:46:50,929 - INFO - WindDir3pm
2024-04-28 23:46:50,929 - INFO - 0    0
Name: WindDir3pm, dtype: int64
2024-04-28 23:46:50,929 - INFO - WindSpeed9am
2024-04-28 23:46:50,929 - INFO - 0    0.153846
Name: WindSpeed9am, dtype: float64
2024-04-28 23:46:50,930 - INFO - WindSpeed3pm
2024-04-28 23:46:50,930 - INFO - 0    0.275862
Name: WindSpeed3pm, dtype: float64
2024-04-28 23:46:50,930 - INFO - Humidity9am
2024-04-28 23:46:50,930 - INFO - 0    0.71
Name: Humidity9am, dtype: float64
2024-04-28 23:46:50,931 - INFO - Humidity3pm
2024-04-28 23:46:50,931 - INFO - 0    0.22
Name: Humidity3pm, dtype: float64
2024-04-28 23:46:50,932 - INFO - Pressure9am
2024-04-28 23:46:50,933 - INFO - 0    0.497521
Name: Pressure9am, dtype: float64
2024-04-28 23:46:50,934 - INFO - Pressure3pm
2024-04-28 23:46:50,934 - INFO - 0    0.4912
Name: Pressure3pm, dtype: float64
2024-04-28 23:46:50,935 - INFO - Cloud9am
2024-04-28 23:46:50,935 - INFO - 0    0.888889
Name: Cloud9am, dtype: float64
2024-04-28 23:46:50,936 - INFO - Cloud3pm
2024-04-28 23:46:50,936 - INFO - 0    0.333333
Name: Cloud3pm, dtype: float64
2024-04-28 23:46:50,936 - INFO - Temp9am
2024-04-28 23:46:50,937 - INFO - 0    0.508439
Name: Temp9am, dtype: float64
2024-04-28 23:46:50,939 - INFO - Temp3pm
2024-04-28 23:46:50,939 - INFO - 0    0.522073
Name: Temp3pm, dtype: float64
2024-04-28 23:46:50,940 - INFO - RainToday
2024-04-28 23:46:50,940 - INFO - 0    0
Name: RainToday, dtype: int64
2024-04-28 23:47:37,367 - INFO -     MinTemp   MaxTemp  Rainfall  ...   Temp9am   Temp3pm  RainToday
0  0.516509  0.523629  0.059299  ...  0.508439  0.522073          0

[1 rows x 20 columns]
2024-04-28 23:47:37,386 - INFO - 0    0.516509
Name: MinTemp, dtype: float64
2024-04-28 23:47:37,386 - INFO - 0    0.523629
Name: MaxTemp, dtype: float64
2024-04-28 23:47:37,387 - INFO - 0    0.059299
Name: Rainfall, dtype: float64
2024-04-28 23:47:37,387 - INFO - 0    0.089655
Name: Evaporation, dtype: float64
2024-04-28 23:47:37,387 - INFO - 0    0.965517
Name: Sunshine, dtype: float64
2024-04-28 23:47:37,387 - INFO - 0    1
Name: WindGustDir, dtype: int64
2024-04-28 23:47:37,388 - INFO - 0    0.294574
Name: WindGustSpeed, dtype: float64
2024-04-28 23:47:37,388 - INFO - 0    0
Name: WindDir9am, dtype: int64
2024-04-28 23:47:37,388 - INFO - 0    0
Name: WindDir3pm, dtype: int64
2024-04-28 23:47:37,388 - INFO - 0    0.153846
Name: WindSpeed9am, dtype: float64
2024-04-28 23:47:37,388 - INFO - 0    0.275862
Name: WindSpeed3pm, dtype: float64
2024-04-28 23:47:37,389 - INFO - 0    0.71
Name: Humidity9am, dtype: float64
2024-04-28 23:47:37,389 - INFO - 0    0.22
Name: Humidity3pm, dtype: float64
2024-04-28 23:47:37,389 - INFO - 0    0.497521
Name: Pressure9am, dtype: float64
2024-04-28 23:47:37,389 - INFO - 0    0.4912
Name: Pressure3pm, dtype: float64
2024-04-28 23:47:37,390 - INFO - 0    0.888889
Name: Cloud9am, dtype: float64
2024-04-28 23:47:37,390 - INFO - 0    0.333333
Name: Cloud3pm, dtype: float64
2024-04-28 23:47:37,390 - INFO - 0    0.508439
Name: Temp9am, dtype: float64
2024-04-28 23:47:37,390 - INFO - 0    0.522073
Name: Temp3pm, dtype: float64
2024-04-28 23:47:37,390 - INFO - 0    0
Name: RainToday, dtype: int64
2024-04-28 23:54:58,983 - INFO -     MinTemp   MaxTemp  Rainfall  ...   Temp9am   Temp3pm  RainToday
0  0.516509  0.523629  0.001617  ...  0.508439  0.522073          0

[1 rows x 20 columns]
2024-04-28 23:54:59,015 - INFO - 0    0.516509
Name: MinTemp, dtype: float64
2024-04-28 23:54:59,015 - INFO - 0    0.523629
Name: MaxTemp, dtype: float64
2024-04-28 23:54:59,016 - INFO - 0    0.001617
Name: Rainfall, dtype: float64
2024-04-28 23:54:59,016 - INFO - 0    0.037723
Name: Evaporation, dtype: float64
2024-04-28 23:54:59,017 - INFO - 0    0.525852
Name: Sunshine, dtype: float64
2024-04-28 23:54:59,017 - INFO - 0    0
Name: WindGustDir, dtype: int64
2024-04-28 23:54:59,018 - INFO - 0    0.294574
Name: WindGustSpeed, dtype: float64
2024-04-28 23:54:59,018 - INFO - 0    0
Name: WindDir9am, dtype: int64
2024-04-28 23:54:59,018 - INFO - 0    0
Name: WindDir3pm, dtype: int64
2024-04-28 23:54:59,018 - INFO - 0    0.153846
Name: WindSpeed9am, dtype: float64
2024-04-28 23:54:59,019 - INFO - 0    0.275862
Name: WindSpeed3pm, dtype: float64
2024-04-28 23:54:59,019 - INFO - 0    0.71
Name: Humidity9am, dtype: float64
2024-04-28 23:54:59,019 - INFO - 0    0.22
Name: Humidity3pm, dtype: float64
2024-04-28 23:54:59,019 - INFO - 0    0.439669
Name: Pressure9am, dtype: float64
2024-04-28 23:54:59,020 - INFO - 0    0.48
Name: Pressure3pm, dtype: float64
2024-04-28 23:54:59,020 - INFO - 0    0.888889
Name: Cloud9am, dtype: float64
2024-04-28 23:54:59,020 - INFO - 0    0.500344
Name: Cloud3pm, dtype: float64
2024-04-28 23:54:59,020 - INFO - 0    0.508439
Name: Temp9am, dtype: float64
2024-04-28 23:54:59,020 - INFO - 0    0.522073
Name: Temp3pm, dtype: float64
2024-04-28 23:54:59,021 - INFO - 0    0
Name: RainToday, dtype: int64
